{"/Users/victoria/Desktop/testning/integrationstester-victorialundberg/src/ts/functions.ts": {"path":"/Users/victoria/Desktop/testning/integrationstester-victorialundberg/src/ts/functions.ts","statementMap":{"0":{"start":{"line":2,"column":0},"end":{"line":2,"column":57}},"1":{"start":{"line":3,"column":0},"end":{"line":3,"column":50}},"2":{"start":{"line":5,"column":25},"end":{"line":19,"column":1}},"3":{"start":{"line":6,"column":2},"end":{"line":18,"column":5}},"4":{"start":{"line":7,"column":4},"end":{"line":17,"column":5}},"5":{"start":{"line":8,"column":6},"end":{"line":8,"column":38}},"6":{"start":{"line":8,"column":29},"end":{"line":8,"column":38}},"7":{"start":{"line":9,"column":6},"end":{"line":9,"column":39}},"8":{"start":{"line":9,"column":29},"end":{"line":9,"column":39}},"9":{"start":{"line":11,"column":6},"end":{"line":11,"column":15}},"10":{"start":{"line":13,"column":6},"end":{"line":13,"column":39}},"11":{"start":{"line":13,"column":29},"end":{"line":13,"column":39}},"12":{"start":{"line":14,"column":6},"end":{"line":14,"column":38}},"13":{"start":{"line":14,"column":29},"end":{"line":14,"column":38}},"14":{"start":{"line":16,"column":6},"end":{"line":16,"column":15}},"15":{"start":{"line":5,"column":13},"end":{"line":5,"column":25}},"16":{"start":{"line":21,"column":11},"end":{"line":21,"column":33}},"17":{"start":{"line":24,"column":20},"end":{"line":25,"column":10}},"18":{"start":{"line":27,"column":34},"end":{"line":28,"column":null}},"19":{"start":{"line":30,"column":2},"end":{"line":30,"column":27}},"20":{"start":{"line":32,"column":2},"end":{"line":42,"column":3}},"21":{"start":{"line":33,"column":4},"end":{"line":33,"column":39}},"22":{"start":{"line":35,"column":4},"end":{"line":39,"column":5}},"23":{"start":{"line":36,"column":6},"end":{"line":36,"column":36}},"24":{"start":{"line":38,"column":6},"end":{"line":38,"column":33}},"25":{"start":{"line":41,"column":4},"end":{"line":41,"column":31}},"26":{"start":{"line":23,"column":0},"end":{"line":23,"column":7}}},"fnMap":{"0":{"name":"(anonymous_0)","decl":{"start":{"line":5,"column":25},"end":{"line":5,"column":26}},"loc":{"start":{"line":5,"column":68},"end":{"line":19,"column":1}}},"1":{"name":"(anonymous_1)","decl":{"start":{"line":6,"column":21},"end":{"line":6,"column":22}},"loc":{"start":{"line":6,"column":46},"end":{"line":18,"column":3}}},"2":{"name":"handleSubmit","decl":{"start":{"line":23,"column":22},"end":{"line":23,"column":34}},"loc":{"start":{"line":23,"column":34},"end":{"line":43,"column":1}}}},"branchMap":{"0":{"loc":{"start":{"line":5,"column":44},"end":{"line":5,"column":64}},"type":"default-arg","locations":[{"start":{"line":5,"column":60},"end":{"line":5,"column":64}}]},"1":{"loc":{"start":{"line":7,"column":4},"end":{"line":17,"column":5}},"type":"if","locations":[{"start":{"line":7,"column":4},"end":{"line":17,"column":5}},{"start":{"line":12,"column":11},"end":{"line":17,"column":5}}]},"2":{"loc":{"start":{"line":8,"column":6},"end":{"line":8,"column":38}},"type":"if","locations":[{"start":{"line":8,"column":6},"end":{"line":8,"column":38}}]},"3":{"loc":{"start":{"line":9,"column":6},"end":{"line":9,"column":39}},"type":"if","locations":[{"start":{"line":9,"column":6},"end":{"line":9,"column":39}}]},"4":{"loc":{"start":{"line":13,"column":6},"end":{"line":13,"column":39}},"type":"if","locations":[{"start":{"line":13,"column":6},"end":{"line":13,"column":39}}]},"5":{"loc":{"start":{"line":14,"column":6},"end":{"line":14,"column":38}},"type":"if","locations":[{"start":{"line":14,"column":6},"end":{"line":14,"column":38}}]},"6":{"loc":{"start":{"line":35,"column":4},"end":{"line":39,"column":5}},"type":"if","locations":[{"start":{"line":35,"column":4},"end":{"line":39,"column":5}},{"start":{"line":37,"column":11},"end":{"line":39,"column":5}}]}},"s":{"0":3,"1":3,"2":3,"3":4,"4":9,"5":5,"6":1,"7":4,"8":2,"9":2,"10":4,"11":1,"12":3,"13":2,"14":1,"15":3,"16":3,"17":4,"18":4,"19":4,"20":4,"21":4,"22":2,"23":1,"24":1,"25":1,"26":3},"f":{"0":4,"1":9,"2":4},"b":{"0":[2],"1":[5,4],"2":[1],"3":[2],"4":[1],"5":[2],"6":[1,1]}}
,"/Users/victoria/Desktop/testning/integrationstester-victorialundberg/src/ts/movieApp.ts": {"path":"/Users/victoria/Desktop/testning/integrationstester-victorialundberg/src/ts/movieApp.ts","statementMap":{"0":{"start":{"line":2,"column":0},"end":{"line":2,"column":43}},"1":{"start":{"line":5,"column":20},"end":{"line":11,"column":1}},"2":{"start":{"line":6,"column":13},"end":{"line":6,"column":69}},"3":{"start":{"line":7,"column":2},"end":{"line":10,"column":5}},"4":{"start":{"line":8,"column":4},"end":{"line":8,"column":23}},"5":{"start":{"line":9,"column":4},"end":{"line":9,"column":19}},"6":{"start":{"line":5,"column":13},"end":{"line":5,"column":20}},"7":{"start":{"line":13,"column":26},"end":{"line":29,"column":1}},"8":{"start":{"line":14,"column":2},"end":{"line":28,"column":3}},"9":{"start":{"line":14,"column":15},"end":{"line":14,"column":16}},"10":{"start":{"line":15,"column":16},"end":{"line":15,"column":45}},"11":{"start":{"line":16,"column":16},"end":{"line":16,"column":44}},"12":{"start":{"line":17,"column":14},"end":{"line":17,"column":43}},"13":{"start":{"line":19,"column":4},"end":{"line":19,"column":33}},"14":{"start":{"line":20,"column":4},"end":{"line":20,"column":38}},"15":{"start":{"line":21,"column":4},"end":{"line":21,"column":31}},"16":{"start":{"line":22,"column":4},"end":{"line":22,"column":30}},"17":{"start":{"line":24,"column":4},"end":{"line":24,"column":29}},"18":{"start":{"line":25,"column":4},"end":{"line":25,"column":27}},"19":{"start":{"line":27,"column":4},"end":{"line":27,"column":33}},"20":{"start":{"line":13,"column":13},"end":{"line":13,"column":26}},"21":{"start":{"line":31,"column":31},"end":{"line":37,"column":1}},"22":{"start":{"line":32,"column":18},"end":{"line":32,"column":45}},"23":{"start":{"line":34,"column":2},"end":{"line":34,"column":52}},"24":{"start":{"line":36,"column":2},"end":{"line":36,"column":35}},"25":{"start":{"line":31,"column":13},"end":{"line":31,"column":31}}},"fnMap":{"0":{"name":"(anonymous_0)","decl":{"start":{"line":5,"column":20},"end":{"line":5,"column":23}},"loc":{"start":{"line":5,"column":25},"end":{"line":11,"column":1}}},"1":{"name":"(anonymous_1)","decl":{"start":{"line":7,"column":34},"end":{"line":7,"column":35}},"loc":{"start":{"line":7,"column":53},"end":{"line":10,"column":3}}},"2":{"name":"(anonymous_2)","decl":{"start":{"line":13,"column":26},"end":{"line":13,"column":27}},"loc":{"start":{"line":13,"column":74},"end":{"line":29,"column":1}}},"3":{"name":"(anonymous_3)","decl":{"start":{"line":31,"column":31},"end":{"line":31,"column":32}},"loc":{"start":{"line":31,"column":61},"end":{"line":37,"column":1}}}},"branchMap":{},"s":{"0":3,"1":3,"2":1,"3":1,"4":1,"5":1,"6":3,"7":3,"8":2,"9":2,"10":3,"11":3,"12":3,"13":3,"14":3,"15":3,"16":3,"17":3,"18":3,"19":3,"20":3,"21":3,"22":3,"23":3,"24":3,"25":3},"f":{"0":1,"1":1,"2":2,"3":3},"b":{}}
,"/Users/victoria/Desktop/testning/integrationstester-victorialundberg/src/ts/services/movieService.ts": {"path":"/Users/victoria/Desktop/testning/integrationstester-victorialundberg/src/ts/services/movieService.ts","statementMap":{"0":{"start":{"line":3,"column":0},"end":{"line":3,"column":26}},"1":{"start":{"line":5,"column":23},"end":{"line":14,"column":1}},"2":{"start":{"line":6,"column":2},"end":{"line":13,"column":7}},"3":{"start":{"line":9,"column":6},"end":{"line":9,"column":30}},"4":{"start":{"line":12,"column":6},"end":{"line":12,"column":16}},"5":{"start":{"line":5,"column":13},"end":{"line":5,"column":23}}},"fnMap":{"0":{"name":"(anonymous_0)","decl":{"start":{"line":5,"column":23},"end":{"line":5,"column":28}},"loc":{"start":{"line":5,"column":71},"end":{"line":14,"column":1}}},"1":{"name":"(anonymous_1)","decl":{"start":{"line":8,"column":10},"end":{"line":8,"column":11}},"loc":{"start":{"line":8,"column":19},"end":{"line":10,"column":5}}},"2":{"name":"(anonymous_2)","decl":{"start":{"line":11,"column":11},"end":{"line":11,"column":14}},"loc":{"start":{"line":11,"column":16},"end":{"line":13,"column":5}}}},"branchMap":{},"s":{"0":4,"1":4,"2":3,"3":1,"4":1,"5":4},"f":{"0":3,"1":1,"2":1},"b":{}}
}
