TN:
SF:src/ts/functions.ts
FN:5,(anonymous_0)
FN:6,(anonymous_1)
FN:23,handleSubmit
FNF:3
FNH:3
FNDA:4,(anonymous_0)
FNDA:9,(anonymous_1)
FNDA:4,handleSubmit
DA:2,3
DA:3,3
DA:5,3
DA:6,4
DA:7,9
DA:8,5
DA:9,4
DA:11,2
DA:13,4
DA:14,3
DA:16,1
DA:21,3
DA:23,3
DA:24,4
DA:27,4
DA:30,4
DA:32,4
DA:33,4
DA:35,2
DA:36,1
DA:38,1
DA:41,1
LF:22
LH:22
BRDA:5,0,0,2
BRDA:7,1,0,5
BRDA:7,1,1,4
BRDA:8,2,0,1
BRDA:9,3,0,2
BRDA:13,4,0,1
BRDA:14,5,0,2
BRDA:35,6,0,1
BRDA:35,6,1,1
BRF:9
BRH:9
end_of_record
TN:
SF:src/ts/movieApp.ts
FN:5,(anonymous_0)
FN:7,(anonymous_1)
FN:13,(anonymous_2)
FN:31,(anonymous_3)
FNF:4
FNH:4
FNDA:1,(anonymous_0)
FNDA:1,(anonymous_1)
FNDA:2,(anonymous_2)
FNDA:3,(anonymous_3)
DA:2,3
DA:5,3
DA:6,1
DA:7,1
DA:8,1
DA:9,1
DA:13,3
DA:14,2
DA:15,3
DA:16,3
DA:17,3
DA:19,3
DA:20,3
DA:21,3
DA:22,3
DA:24,3
DA:25,3
DA:27,3
DA:31,3
DA:32,3
DA:34,3
DA:36,3
LF:22
LH:22
BRF:0
BRH:0
end_of_record
TN:
SF:src/ts/services/movieService.ts
FN:5,(anonymous_0)
FN:8,(anonymous_1)
FN:11,(anonymous_2)
FNF:3
FNH:3
FNDA:3,(anonymous_0)
FNDA:1,(anonymous_1)
FNDA:1,(anonymous_2)
DA:3,4
DA:5,4
DA:6,3
DA:9,1
DA:12,1
LF:5
LH:5
BRF:0
BRH:0
end_of_record
