TN:
SF:src/ts/functions.ts
FN:5,(anonymous_0)
FN:6,(anonymous_1)
FN:23,handleSubmit
FNF:3
FNH:1
FNDA:0,(anonymous_0)
FNDA:0,(anonymous_1)
FNDA:1,handleSubmit
DA:2,1
DA:3,1
DA:5,1
DA:6,0
DA:7,0
DA:8,0
DA:9,0
DA:11,0
DA:13,0
DA:14,0
DA:16,0
DA:21,1
DA:23,1
DA:24,1
DA:27,1
DA:30,1
DA:32,1
DA:33,1
DA:35,0
DA:36,0
DA:38,0
DA:41,0
LF:22
LH:10
BRDA:5,0,0,0
BRDA:7,1,0,0
BRDA:7,1,1,0
BRDA:8,2,0,0
BRDA:9,3,0,0
BRDA:13,4,0,0
BRDA:14,5,0,0
BRDA:35,6,0,0
BRDA:35,6,1,0
BRF:9
BRH:0
end_of_record
TN:
SF:src/ts/movieApp.ts
FN:5,(anonymous_0)
FN:7,(anonymous_1)
FN:13,(anonymous_2)
FN:31,(anonymous_3)
FNF:4
FNH:4
FNDA:1,(anonymous_0)
FNDA:1,(anonymous_1)
FNDA:1,(anonymous_2)
FNDA:1,(anonymous_3)
DA:2,1
DA:5,1
DA:6,1
DA:7,1
DA:8,1
DA:9,1
DA:13,1
DA:14,1
DA:15,1
DA:16,1
DA:17,1
DA:19,1
DA:20,1
DA:21,1
DA:22,1
DA:24,1
DA:25,1
DA:27,1
DA:31,1
DA:32,1
DA:34,1
DA:36,1
LF:22
LH:22
BRF:0
BRH:0
end_of_record
TN:
SF:src/ts/services/movieService.ts
FN:5,(anonymous_0)
FN:8,(anonymous_1)
FN:11,(anonymous_2)
FNF:3
FNH:1
FNDA:1,(anonymous_0)
FNDA:0,(anonymous_1)
FNDA:0,(anonymous_2)
DA:3,1
DA:5,1
DA:6,1
DA:9,0
DA:12,0
LF:5
LH:3
BRF:0
BRH:0
end_of_record
